<?xml version="1.0" encoding="UTF-8"?>
<!-- Generated by org.testng.reporters.JUnitXMLReporter -->
<testsuite hostname="DESKTOP-OSM92AT" ignored="1" name="Test" tests="4" failures="4" timestamp="2022-08-18T11:07:34 IST" time="8.018" errors="0">
  <testcase name="AdnLogin" time="0.127" classname="com.TestNgPractice.StudentModule2">
    <failure type="java.lang.NullPointerException">
      <![CDATA[java.lang.NullPointerException
at org.openqa.selenium.support.pagefactory.DefaultElementLocator.findElement(DefaultElementLocator.java:69)
at org.openqa.selenium.support.pagefactory.internal.LocatingElementHandler.invoke(LocatingElementHandler.java:38)
at com.sun.proxy.$Proxy13.click(Unknown Source)
at com.TestYourSkill.PomRepositoryLib.Admin_LoginPage.AdminLoginPage(Admin_LoginPage.java:47)
at com.TestNgPractice.StudentModule2.AdnLogin(StudentModule2.java:66)
at java.util.ArrayList.forEach(Unknown Source)
... Removed 27 stack frames]]>
    </failure>
  </testcase> <!-- AdnLogin -->
  <testcase name="SignUp" time="7.692" classname="com.TestNgPractice.StudentModule2">
    <failure type="java.lang.NullPointerException">
      <![CDATA[java.lang.NullPointerException
at org.openqa.selenium.support.pagefactory.DefaultElementLocator.findElement(DefaultElementLocator.java:69)
at org.openqa.selenium.support.pagefactory.internal.LocatingElementHandler.invoke(LocatingElementHandler.java:38)
at com.sun.proxy.$Proxy13.sendKeys(Unknown Source)
at com.TestYourSkill.PomRepositoryLib.LoginPage.LoginToTheApp(LoginPage.java:91)
at com.TestNgPractice.StudentModule2.SignUp(StudentModule2.java:30)
at java.util.ArrayList.forEach(Unknown Source)
... Removed 27 stack frames]]>
    </failure>
  </testcase> <!-- SignUp -->
  <testcase name="StdLogOut" time="0.015" classname="com.TestNgPractice.StudentModule2">
    <failure type="java.lang.NullPointerException">
      <![CDATA[java.lang.NullPointerException
at org.openqa.selenium.support.pagefactory.DefaultElementLocator.findElement(DefaultElementLocator.java:69)
at org.openqa.selenium.support.pagefactory.internal.LocatingElementHandler.invoke(LocatingElementHandler.java:38)
at com.sun.proxy.$Proxy13.click(Unknown Source)
at com.TestYourSkill.PomRepositoryLib.StudentSignOut.Signout(StudentSignOut.java:26)
at com.TestNgPractice.StudentModule2.StdLogOut(StudentModule2.java:54)
at java.util.ArrayList.forEach(Unknown Source)
... Removed 27 stack frames]]>
    </failure>
  </testcase> <!-- StdLogOut -->
  <testcase name="SttdHomePage" time="0.006" classname="com.TestNgPractice.StudentModule2">
    <failure type="java.lang.NullPointerException">
      <![CDATA[java.lang.NullPointerException
at org.openqa.selenium.support.pagefactory.DefaultElementLocator.findElement(DefaultElementLocator.java:69)
at org.openqa.selenium.support.pagefactory.internal.LocatingElementHandler.invoke(LocatingElementHandler.java:38)
at com.sun.proxy.$Proxy13.click(Unknown Source)
at com.TestYourSkill.PomRepositoryLib.StudentHomePage.StartQuiz(StudentHomePage.java:28)
at com.TestNgPractice.StudentModule2.SttdHomePage(StudentModule2.java:39)
at java.util.ArrayList.forEach(Unknown Source)
... Removed 27 stack frames]]>
    </failure>
  </testcase> <!-- SttdHomePage -->
  <testcase name="stdTakingQuiz" time="0.0" classname="com.TestNgPractice.StudentModule2">
    <ignored/>
  </testcase> <!-- stdTakingQuiz -->
</testsuite> <!-- Test -->
