<?xml version="1.0" encoding="UTF-8"?>
<!-- Generated by org.testng.reporters.JUnitXMLReporter -->
<testsuite hostname="DESKTOP-OSM92AT" ignored="1" name="Test" tests="4" failures="0" timestamp="2022-08-18T13:12:03 IST" time="44.711" errors="0">
  <testcase name="SignUp" time="13.885" classname="com.TestNgPractice.StudentModule2"/>
  <testcase name="SttdHomePage" time="0.598" classname="com.TestNgPractice.StudentModule2"/>
  <testcase name="StdLogOut" time="3.706" classname="com.TestNgPractice.StudentModule2"/>
  <testcase name="AdnLogin" time="2.075" classname="com.TestNgPractice.StudentModule2"/>
  <testcase name="stdTakingQuiz" time="0.0" classname="com.TestNgPractice.StudentModule2">
    <ignored/>
  </testcase> <!-- stdTakingQuiz -->
</testsuite> <!-- Test -->
